Stat Connected.
Recv 5/18/2003 8:48:56 PM: 220 ProFTPD 1.2.5 Server (ProFTPD) [207.218.238.8]<EOL>
Sent 5/18/2003 8:48:56 PM: USER infusedorg<EOL>
Recv 5/18/2003 8:48:57 PM: 331 Password required for infusedorg.<EOL>
Sent 5/18/2003 8:48:57 PM: PASS nazgul9<EOL>
Recv 5/18/2003 8:48:57 PM: 230 User infusedorg logged in.<EOL>
Sent 5/18/2003 8:48:57 PM: TYPE I<EOL>
Recv 5/18/2003 8:48:57 PM: 200 Type set to I.<EOL>
Sent 5/18/2003 8:48:57 PM: SYST<EOL>
Recv 5/18/2003 8:48:57 PM: 215 UNIX Type: L8<EOL>
Sent 5/18/2003 8:48:57 PM: CWD /web/<EOL>
Recv 5/18/2003 8:48:57 PM: 250 CWD command successful.<EOL>
Sent 5/18/2003 8:48:57 PM: PORT 12,231,204,71,17,204<EOL>
Recv 5/18/2003 8:48:58 PM: 200 PORT command successful.<EOL>
Sent 5/18/2003 8:48:58 PM: STOR ged2csv_variables.php<EOL>
Recv 5/18/2003 8:48:58 PM: 150 Opening BINARY mode data connection for ged2csv_variables.php.<EOL>
Recv 5/18/2003 8:48:58 PM: 226 Transfer complete.<EOL>
Sent 5/18/2003 8:48:58 PM: PORT 12,231,204,71,17,206<EOL>
Recv 5/18/2003 8:48:58 PM: 200 PORT command successful.<EOL>
Sent 5/18/2003 8:48:58 PM: STOR ged2csv_functions.php<EOL>
Recv 5/18/2003 8:48:58 PM: 150 Opening BINARY mode data connection for ged2csv_functions.php.<EOL>
Recv 5/18/2003 8:48:59 PM: 226 Transfer complete.<EOL>
Stat Disconnected.
Stat Connected.
Recv 5/19/2003 9:52:22 AM: 220 ProFTPD 1.2.5 Server (ProFTPD) [207.218.238.8]<EOL>
Sent 5/19/2003 9:52:22 AM: USER infusedorg<EOL>
Recv 5/19/2003 9:52:22 AM: 331 Password required for infusedorg.<EOL>
Sent 5/19/2003 9:52:22 AM: PASS nazgul9<EOL>
Recv 5/19/2003 9:52:22 AM: 230 User infusedorg logged in.<EOL>
Sent 5/19/2003 9:52:22 AM: TYPE A<EOL>
Recv 5/19/2003 9:52:22 AM: 200 Type set to A.<EOL>
Sent 5/19/2003 9:52:22 AM: SYST<EOL>
Recv 5/19/2003 9:52:22 AM: 215 UNIX Type: L8<EOL>
Sent 5/19/2003 9:52:22 AM: CWD /web/<EOL>
Recv 5/19/2003 9:52:22 AM: 250 CWD command successful.<EOL>
Sent 5/19/2003 9:52:22 AM: PORT 192,168,1,252,14,169<EOL>
Recv 5/19/2003 9:52:23 AM: 200 PORT command successful.<EOL>
Sent 5/19/2003 9:52:23 AM: STOR ged2csv_variables.php<EOL>
Recv 5/19/2003 9:52:23 AM: 150 Opening ASCII mode data connection for ged2csv_variables.php.<EOL>
Recv 5/19/2003 9:52:23 AM: 226 Transfer complete.<EOL>
Sent 5/19/2003 9:52:23 AM: PORT 192,168,1,252,14,171<EOL>
Recv 5/19/2003 9:52:23 AM: 200 PORT command successful.<EOL>
Sent 5/19/2003 9:52:23 AM: STOR ged2csv_functions.php<EOL>
Recv 5/19/2003 9:52:23 AM: 150 Opening ASCII mode data connection for ged2csv_functions.php.<EOL>
Recv 5/19/2003 9:52:24 AM: 226 Transfer complete.<EOL>
Stat Disconnected.
Stat Connected.
Recv 5/19/2003 9:53:45 AM: 220 ProFTPD 1.2.5 Server (ProFTPD) [207.218.238.8]<EOL>
Sent 5/19/2003 9:53:45 AM: USER infusedorg<EOL>
Recv 5/19/2003 9:53:45 AM: 331 Password required for infusedorg.<EOL>
Sent 5/19/2003 9:53:45 AM: PASS nazgul9<EOL>
Recv 5/19/2003 9:53:45 AM: 230 User infusedorg logged in.<EOL>
Sent 5/19/2003 9:53:45 AM: TYPE A<EOL>
Recv 5/19/2003 9:53:45 AM: 200 Type set to A.<EOL>
Sent 5/19/2003 9:53:45 AM: SYST<EOL>
Recv 5/19/2003 9:53:45 AM: 215 UNIX Type: L8<EOL>
Sent 5/19/2003 9:53:45 AM: CWD /web/<EOL>
Recv 5/19/2003 9:53:45 AM: 250 CWD command successful.<EOL>
Sent 5/19/2003 9:53:45 AM: PORT 192,168,1,252,14,225<EOL>
Recv 5/19/2003 9:53:45 AM: 200 PORT command successful.<EOL>
Sent 5/19/2003 9:53:45 AM: STOR ged2csv_variables.php<EOL>
Recv 5/19/2003 9:53:46 AM: 150 Opening ASCII mode data connection for ged2csv_variables.php.<EOL>
Recv 5/19/2003 9:53:46 AM: 226 Transfer complete.<EOL>
Sent 5/19/2003 9:53:46 AM: PORT 192,168,1,252,14,227<EOL>
Recv 5/19/2003 9:53:46 AM: 200 PORT command successful.<EOL>
Sent 5/19/2003 9:53:46 AM: STOR ged2csv_functions.php<EOL>
Recv 5/19/2003 9:53:46 AM: 150 Opening ASCII mode data connection for ged2csv_functions.php.<EOL>
Recv 5/19/2003 9:53:46 AM: 226 Transfer complete.<EOL>
Stat Disconnected.
Stat Connected.
Recv 5/19/2003 9:55:48 AM: 220 ProFTPD 1.2.5 Server (ProFTPD) [207.218.238.8]<EOL>
Sent 5/19/2003 9:55:48 AM: USER infusedorg<EOL>
Recv 5/19/2003 9:55:48 AM: 331 Password required for infusedorg.<EOL>
Sent 5/19/2003 9:55:48 AM: PASS nazgul9<EOL>
Recv 5/19/2003 9:55:49 AM: 230 User infusedorg logged in.<EOL>
Sent 5/19/2003 9:55:49 AM: TYPE A<EOL>
Recv 5/19/2003 9:55:49 AM: 200 Type set to A.<EOL>
Sent 5/19/2003 9:55:49 AM: SYST<EOL>
Recv 5/19/2003 9:55:49 AM: 215 UNIX Type: L8<EOL>
Sent 5/19/2003 9:55:49 AM: CWD /web/<EOL>
Recv 5/19/2003 9:55:49 AM: 250 CWD command successful.<EOL>
Sent 5/19/2003 9:55:49 AM: PORT 192,168,1,252,14,243<EOL>
Recv 5/19/2003 9:55:49 AM: 200 PORT command successful.<EOL>
Sent 5/19/2003 9:55:49 AM: STOR ged2csv_variables.php<EOL>
Recv 5/19/2003 9:55:49 AM: 150 Opening ASCII mode data connection for ged2csv_variables.php.<EOL>
Recv 5/19/2003 9:55:49 AM: 226 Transfer complete.<EOL>
Sent 5/19/2003 9:55:49 AM: PORT 192,168,1,252,14,245<EOL>
Recv 5/19/2003 9:55:49 AM: 200 PORT command successful.<EOL>
Sent 5/19/2003 9:55:49 AM: STOR ged2csv_functions.php<EOL>
Recv 5/19/2003 9:55:50 AM: 150 Opening ASCII mode data connection for ged2csv_functions.php.<EOL>
Recv 5/19/2003 9:55:50 AM: 226 Transfer complete.<EOL>
Stat Disconnected.
Stat Connected.
Recv 5/19/2003 10:00:51 AM: 220 ProFTPD 1.2.5 Server (ProFTPD) [207.218.238.8]<EOL>
Sent 5/19/2003 10:00:51 AM: USER infusedorg<EOL>
Recv 5/19/2003 10:00:51 AM: 331 Password required for infusedorg.<EOL>
Sent 5/19/2003 10:00:51 AM: PASS nazgul9<EOL>
Recv 5/19/2003 10:00:51 AM: 230 User infusedorg logged in.<EOL>
Sent 5/19/2003 10:00:51 AM: TYPE A<EOL>
Recv 5/19/2003 10:00:51 AM: 200 Type set to A.<EOL>
Sent 5/19/2003 10:00:51 AM: SYST<EOL>
Recv 5/19/2003 10:00:51 AM: 215 UNIX Type: L8<EOL>
Sent 5/19/2003 10:00:51 AM: CWD /web/<EOL>
Recv 5/19/2003 10:00:51 AM: 250 CWD command successful.<EOL>
Sent 5/19/2003 10:00:51 AM: PORT 192,168,1,252,15,86<EOL>
Recv 5/19/2003 10:00:52 AM: 200 PORT command successful.<EOL>
Sent 5/19/2003 10:00:52 AM: STOR ged2csv_variables.php<EOL>
Recv 5/19/2003 10:00:52 AM: 150 Opening ASCII mode data connection for ged2csv_variables.php.<EOL>
Recv 5/19/2003 10:00:52 AM: 226 Transfer complete.<EOL>
Sent 5/19/2003 10:00:52 AM: PORT 192,168,1,252,15,88<EOL>
Recv 5/19/2003 10:00:52 AM: 200 PORT command successful.<EOL>
Sent 5/19/2003 10:00:52 AM: STOR ged2csv_functions.php<EOL>
Recv 5/19/2003 10:00:53 AM: 150 Opening ASCII mode data connection for ged2csv_functions.php.<EOL>
Recv 5/19/2003 10:00:54 AM: 226 Transfer complete.<EOL>
Sent 5/19/2003 10:00:54 AM: DELE ged2csv_variables.php<EOL>
Recv 5/19/2003 10:00:54 AM: 250 DELE command successful.<EOL>
Sent 5/19/2003 10:00:54 AM: DELE ged2csv_functions.php<EOL>
Recv 5/19/2003 10:00:54 AM: 250 DELE command successful.<EOL>
Stat Disconnected.
Stat Connected.
Recv 5/19/2003 10:03:30 AM: 220 ProFTPD 1.2.5 Server (ProFTPD) [207.218.238.8]<EOL>
Sent 5/19/2003 10:03:30 AM: USER infusedorg<EOL>
Recv 5/19/2003 10:03:30 AM: 331 Password required for infusedorg.<EOL>
Sent 5/19/2003 10:03:30 AM: PASS nazgul9<EOL>
Recv 5/19/2003 10:03:30 AM: 230 User infusedorg logged in.<EOL>
Sent 5/19/2003 10:03:30 AM: TYPE A<EOL>
Recv 5/19/2003 10:03:30 AM: 200 Type set to A.<EOL>
Sent 5/19/2003 10:03:30 AM: SYST<EOL>
Recv 5/19/2003 10:03:30 AM: 215 UNIX Type: L8<EOL>
Sent 5/19/2003 10:03:30 AM: CWD /web/<EOL>
Recv 5/19/2003 10:03:31 AM: 250 CWD command successful.<EOL>
Sent 5/19/2003 10:03:31 AM: PORT 192,168,1,252,15,100<EOL>
Recv 5/19/2003 10:03:31 AM: 200 PORT command successful.<EOL>
Sent 5/19/2003 10:03:31 AM: STOR ged2csv_variables.php<EOL>
Recv 5/19/2003 10:03:31 AM: 150 Opening ASCII mode data connection for ged2csv_variables.php.<EOL>
Recv 5/19/2003 10:03:31 AM: 226 Transfer complete.<EOL>
Sent 5/19/2003 10:03:31 AM: PORT 192,168,1,252,15,102<EOL>
Recv 5/19/2003 10:03:31 AM: 200 PORT command successful.<EOL>
Sent 5/19/2003 10:03:31 AM: STOR ged2csv_functions.php<EOL>
Recv 5/19/2003 10:03:31 AM: 150 Opening ASCII mode data connection for ged2csv_functions.php.<EOL>
Recv 5/19/2003 10:03:31 AM: 226 Transfer complete.<EOL>
Sent 5/19/2003 10:03:32 AM: DELE ged2csv_variables.php<EOL>
Recv 5/19/2003 10:03:32 AM: 250 DELE command successful.<EOL>
Sent 5/19/2003 10:03:32 AM: DELE ged2csv_functions.php<EOL>
Recv 5/19/2003 10:03:32 AM: 250 DELE command successful.<EOL>
Stat Disconnected.
Stat Connected.
Recv 5/19/2003 10:03:51 AM: 220 ProFTPD 1.2.5 Server (ProFTPD) [207.218.238.8]<EOL>
Sent 5/19/2003 10:03:51 AM: USER infusedorg<EOL>
Recv 5/19/2003 10:03:51 AM: 331 Password required for infusedorg.<EOL>
Sent 5/19/2003 10:03:51 AM: PASS nazgul9<EOL>
Recv 5/19/2003 10:03:51 AM: 230 User infusedorg logged in.<EOL>
Sent 5/19/2003 10:03:51 AM: TYPE A<EOL>
Recv 5/19/2003 10:03:51 AM: 200 Type set to A.<EOL>
Sent 5/19/2003 10:03:51 AM: SYST<EOL>
Recv 5/19/2003 10:03:52 AM: 215 UNIX Type: L8<EOL>
Sent 5/19/2003 10:03:52 AM: CWD /web/<EOL>
Recv 5/19/2003 10:03:52 AM: 250 CWD command successful.<EOL>
Sent 5/19/2003 10:03:52 AM: PORT 192,168,1,252,15,110<EOL>
Recv 5/19/2003 10:03:52 AM: 200 PORT command successful.<EOL>
Sent 5/19/2003 10:03:52 AM: STOR ged2csv_variables.php<EOL>
Recv 5/19/2003 10:03:52 AM: 150 Opening ASCII mode data connection for ged2csv_variables.php.<EOL>
Recv 5/19/2003 10:03:52 AM: 226 Transfer complete.<EOL>
Sent 5/19/2003 10:03:52 AM: PORT 192,168,1,252,15,112<EOL>
Recv 5/19/2003 10:03:52 AM: 200 PORT command successful.<EOL>
Sent 5/19/2003 10:03:52 AM: STOR ged2csv_functions.php<EOL>
Recv 5/19/2003 10:03:52 AM: 150 Opening ASCII mode data connection for ged2csv_functions.php.<EOL>
Recv 5/19/2003 10:03:52 AM: 226 Transfer complete.<EOL>
Stat Disconnected.
Stat Connected.
Recv 5/28/2003 4:07:17 PM: 220 ProFTPD 1.2.5 Server (ProFTPD) [207.218.238.8]<EOL>
Sent 5/28/2003 4:07:17 PM: USER infusedorg<EOL>
Recv 5/28/2003 4:07:17 PM: 331 Password required for infusedorg.<EOL>
Sent 5/28/2003 4:07:17 PM: PASS nazgul9<EOL>
Recv 5/28/2003 4:07:18 PM: 230 User infusedorg logged in.<EOL>
Sent 5/28/2003 4:07:18 PM: TYPE A<EOL>
Recv 5/28/2003 4:07:18 PM: 200 Type set to A.<EOL>
Sent 5/28/2003 4:07:18 PM: SYST<EOL>
Recv 5/28/2003 4:07:18 PM: 215 UNIX Type: L8<EOL>
Sent 5/28/2003 4:07:18 PM: CWD /web/<EOL>
Recv 5/28/2003 4:07:19 PM: 250 CWD command successful.<EOL>
Sent 5/28/2003 4:07:19 PM: PORT 192,168,1,252,19,12<EOL>
Recv 5/28/2003 4:07:19 PM: 200 PORT command successful.<EOL>
Sent 5/28/2003 4:07:19 PM: STOR ged2csv_variables.php<EOL>
Recv 5/28/2003 4:07:19 PM: 150 Opening ASCII mode data connection for ged2csv_variables.php.<EOL>
Recv 5/28/2003 4:07:19 PM: 226 Transfer complete.<EOL>
Sent 5/28/2003 4:07:19 PM: PORT 192,168,1,252,19,14<EOL>
Recv 5/28/2003 4:07:19 PM: 200 PORT command successful.<EOL>
Sent 5/28/2003 4:07:19 PM: STOR ged2csv_functions.php<EOL>
Recv 5/28/2003 4:07:19 PM: 150 Opening ASCII mode data connection for ged2csv_functions.php.<EOL>
Recv 5/28/2003 4:07:20 PM: 226 Transfer complete.<EOL>
Stat Disconnected.
Stat Connected.
Recv 5/28/2003 4:07:56 PM: 220 ProFTPD 1.2.5 Server (ProFTPD) [207.218.238.8]<EOL>
Sent 5/28/2003 4:07:56 PM: USER infusedorg<EOL>
Recv 5/28/2003 4:07:56 PM: 331 Password required for infusedorg.<EOL>
Sent 5/28/2003 4:07:56 PM: PASS nazgul9<EOL>
Recv 5/28/2003 4:07:56 PM: 230 User infusedorg logged in.<EOL>
Sent 5/28/2003 4:07:56 PM: TYPE A<EOL>
Recv 5/28/2003 4:07:56 PM: 200 Type set to A.<EOL>
Sent 5/28/2003 4:07:56 PM: SYST<EOL>
Recv 5/28/2003 4:07:56 PM: 215 UNIX Type: L8<EOL>
Sent 5/28/2003 4:07:56 PM: CWD /web/<EOL>
Recv 5/28/2003 4:07:56 PM: 250 CWD command successful.<EOL>
Sent 5/28/2003 4:07:56 PM: DELE ged2csv_variables.php<EOL>
Recv 5/28/2003 4:07:57 PM: 250 DELE command successful.<EOL>
Sent 5/28/2003 4:07:57 PM: DELE ged2csv_functions.php<EOL>
Recv 5/28/2003 4:07:57 PM: 250 DELE command successful.<EOL>
Stat Disconnected.
Stat Connected.
Recv 5/28/2003 4:10:03 PM: 220 ProFTPD 1.2.5 Server (ProFTPD) [207.218.238.8]<EOL>
Sent 5/28/2003 4:10:03 PM: USER infusedorg<EOL>
Recv 5/28/2003 4:10:03 PM: 331 Password required for infusedorg.<EOL>
Sent 5/28/2003 4:10:03 PM: PASS nazgul9<EOL>
Recv 5/28/2003 4:10:04 PM: 230 User infusedorg logged in.<EOL>
Sent 5/28/2003 4:10:04 PM: TYPE A<EOL>
Recv 5/28/2003 4:10:04 PM: 200 Type set to A.<EOL>
Sent 5/28/2003 4:10:04 PM: SYST<EOL>
Recv 5/28/2003 4:10:04 PM: 215 UNIX Type: L8<EOL>
Sent 5/28/2003 4:10:04 PM: CWD /web/<EOL>
Recv 5/28/2003 4:10:04 PM: 250 CWD command successful.<EOL>
Sent 5/28/2003 4:10:04 PM: PORT 192,168,1,252,11,199<EOL>
Recv 5/28/2003 4:10:04 PM: 200 PORT command successful.<EOL>
Sent 5/28/2003 4:10:04 PM: STOR ged2csv_variables.php<EOL>
Recv 5/28/2003 4:10:04 PM: 150 Opening ASCII mode data connection for ged2csv_variables.php.<EOL>
Recv 5/28/2003 4:10:04 PM: 226 Transfer complete.<EOL>
Sent 5/28/2003 4:10:04 PM: PORT 192,168,1,252,11,201<EOL>
Recv 5/28/2003 4:10:04 PM: 200 PORT command successful.<EOL>
Sent 5/28/2003 4:10:04 PM: STOR ged2csv_functions.php<EOL>
Recv 5/28/2003 4:10:05 PM: 150 Opening ASCII mode data connection for ged2csv_functions.php.<EOL>
Recv 5/28/2003 4:10:05 PM: 226 Transfer complete.<EOL>
Stat Disconnected.
Stat Connected.
Recv 5/28/2003 4:10:33 PM: 220 ProFTPD 1.2.5 Server (ProFTPD) [207.218.238.8]<EOL>
Sent 5/28/2003 4:10:33 PM: USER infusedorg<EOL>
Recv 5/28/2003 4:10:33 PM: 331 Password required for infusedorg.<EOL>
Sent 5/28/2003 4:10:33 PM: PASS nazgul9<EOL>
Recv 5/28/2003 4:10:33 PM: 230 User infusedorg logged in.<EOL>
Sent 5/28/2003 4:10:33 PM: TYPE A<EOL>
Recv 5/28/2003 4:10:33 PM: 200 Type set to A.<EOL>
Sent 5/28/2003 4:10:33 PM: SYST<EOL>
Recv 5/28/2003 4:10:33 PM: 215 UNIX Type: L8<EOL>
Sent 5/28/2003 4:10:33 PM: CWD /web/<EOL>
Recv 5/28/2003 4:10:33 PM: 250 CWD command successful.<EOL>
Sent 5/28/2003 4:10:33 PM: DELE ged2csv_variables.php<EOL>
Recv 5/28/2003 4:10:34 PM: 250 DELE command successful.<EOL>
Sent 5/28/2003 4:10:34 PM: DELE ged2csv_functions.php<EOL>
Recv 5/28/2003 4:10:34 PM: 250 DELE command successful.<EOL>
Stat Disconnected.
Stat Connected.
Recv 6/1/2003 7:46:04 PM: 220 ProFTPD 1.2.5 Server (ProFTPD) [207.218.238.8]<EOL>
Sent 6/1/2003 7:46:04 PM: USER infusedorg<EOL>
Recv 6/1/2003 7:46:04 PM: 331 Password required for infusedorg.<EOL>
Sent 6/1/2003 7:46:04 PM: PASS nazgul9<EOL>
Recv 6/1/2003 7:46:05 PM: 230 User infusedorg logged in.<EOL>
Sent 6/1/2003 7:46:05 PM: TYPE A<EOL>
Recv 6/1/2003 7:46:05 PM: 200 Type set to A.<EOL>
Sent 6/1/2003 7:46:05 PM: SYST<EOL>
Recv 6/1/2003 7:46:05 PM: 215 UNIX Type: L8<EOL>
Sent 6/1/2003 7:46:05 PM: CWD /web/<EOL>
Recv 6/1/2003 7:46:05 PM: 250 CWD command successful.<EOL>
Sent 6/1/2003 7:46:05 PM: PORT 12,231,204,71,14,37<EOL>
Recv 6/1/2003 7:46:05 PM: 200 PORT command successful.<EOL>
Sent 6/1/2003 7:46:05 PM: STOR ged2csv_variables.php<EOL>
Recv 6/1/2003 7:46:05 PM: 150 Opening ASCII mode data connection for ged2csv_variables.php.<EOL>
Recv 6/1/2003 7:46:05 PM: 226 Transfer complete.<EOL>
Sent 6/1/2003 7:46:05 PM: PORT 12,231,204,71,14,39<EOL>
Recv 6/1/2003 7:46:05 PM: 200 PORT command successful.<EOL>
Sent 6/1/2003 7:46:05 PM: STOR ged2csv_functions.php<EOL>
Recv 6/1/2003 7:46:06 PM: 150 Opening ASCII mode data connection for ged2csv_functions.php.<EOL>
Recv 6/1/2003 7:46:06 PM: 226 Transfer complete.<EOL>
Stat Disconnected.
Stat Connected.
Recv 6/16/2003 8:29:50 PM: 220 ProFTPD 1.2.5 Server (ProFTPD) [207.218.238.8]<EOL>
Sent 6/16/2003 8:29:50 PM: USER infusedorg<EOL>
Recv 6/16/2003 8:29:50 PM: 331 Password required for infusedorg.<EOL>
Sent 6/16/2003 8:29:50 PM: PASS nazgul9<EOL>
Recv 6/16/2003 8:29:50 PM: 230 User infusedorg logged in.<EOL>
Sent 6/16/2003 8:29:50 PM: TYPE A<EOL>
Recv 6/16/2003 8:29:50 PM: 200 Type set to A.<EOL>
Sent 6/16/2003 8:29:50 PM: SYST<EOL>
Recv 6/16/2003 8:29:50 PM: 215 UNIX Type: L8<EOL>
Sent 6/16/2003 8:29:50 PM: CWD /web/<EOL>
Recv 6/16/2003 8:29:50 PM: 250 CWD command successful.<EOL>
Sent 6/16/2003 8:29:50 PM: PASV<EOL>
Recv 6/16/2003 8:29:50 PM: 227 Entering Passive Mode (207,218,238,8,9,174).<EOL>
Sent 6/16/2003 8:29:50 PM: STOR ged2csv_variables.php<EOL>
Recv 6/16/2003 8:29:51 PM: 150 Opening ASCII mode data connection for ged2csv_variables.php<EOL>
Recv 6/16/2003 8:29:51 PM: 226 Transfer complete.<EOL>
Sent 6/16/2003 8:29:51 PM: PASV<EOL>
Recv 6/16/2003 8:29:51 PM: 227 Entering Passive Mode (207,218,238,8,9,175).<EOL>
Sent 6/16/2003 8:29:51 PM: STOR ged2csv_functions.php<EOL>
Recv 6/16/2003 8:29:51 PM: 150 Opening ASCII mode data connection for ged2csv_functions.php<EOL>
Recv 6/16/2003 8:29:51 PM: 226 Transfer complete.<EOL>
Stat Disconnected.
Stat Connected.
Recv 7/9/2003 2:18:35 PM: 220 ProFTPD FTP Server ready.<EOL>
Sent 7/9/2003 2:18:35 PM: USER infusedorg@infused.org<EOL>
Recv 7/9/2003 2:18:35 PM: 331 Password required for infusedorg@infused.org.<EOL>
Sent 7/9/2003 2:18:35 PM: PASS nazgul9<EOL>
Recv 7/9/2003 2:18:35 PM: 230 User infusedorg@infused.org logged in.<EOL>
Sent 7/9/2003 2:18:35 PM: TYPE A<EOL>
Recv 7/9/2003 2:18:35 PM: 200 Type set to A<EOL>
Sent 7/9/2003 2:18:35 PM: SYST<EOL>
Recv 7/9/2003 2:18:35 PM: 215 UNIX Type: L8<EOL>
Sent 7/9/2003 2:18:35 PM: CWD /web/<EOL>
Recv 7/9/2003 2:18:35 PM: 550 /web/: No such file or directory<EOL>
Stat Disconnected.
Stat Connected.
Recv 7/9/2003 2:18:45 PM: 220 ProFTPD FTP Server ready.<EOL>
Sent 7/9/2003 2:18:45 PM: USER infusedorg@infused.org<EOL>
Recv 7/9/2003 2:18:46 PM: 331 Password required for infusedorg@infused.org.<EOL>
Sent 7/9/2003 2:18:46 PM: PASS nazgul9<EOL>
Recv 7/9/2003 2:18:46 PM: 230 User infusedorg@infused.org logged in.<EOL>
Sent 7/9/2003 2:18:46 PM: TYPE A<EOL>
Recv 7/9/2003 2:18:46 PM: 200 Type set to A<EOL>
Sent 7/9/2003 2:18:46 PM: SYST<EOL>
Recv 7/9/2003 2:18:46 PM: 215 UNIX Type: L8<EOL>
Sent 7/9/2003 2:18:46 PM: CWD /web/<EOL>
Recv 7/9/2003 2:18:46 PM: 550 /web/: No such file or directory<EOL>
Stat Disconnected.
Stat Connected.
Recv 7/9/2003 2:18:53 PM: 220 ProFTPD FTP Server ready.<EOL>
Sent 7/9/2003 2:18:53 PM: USER infusedorg@infused.org<EOL>
Recv 7/9/2003 2:18:53 PM: 331 Password required for infusedorg@infused.org.<EOL>
Sent 7/9/2003 2:18:53 PM: PASS nazgul9<EOL>
Recv 7/9/2003 2:18:53 PM: 230 User infusedorg@infused.org logged in.<EOL>
Sent 7/9/2003 2:18:53 PM: TYPE A<EOL>
Recv 7/9/2003 2:18:53 PM: 200 Type set to A<EOL>
Sent 7/9/2003 2:18:53 PM: SYST<EOL>
Recv 7/9/2003 2:18:53 PM: 215 UNIX Type: L8<EOL>
Sent 7/9/2003 2:18:53 PM: CWD /web/<EOL>
Recv 7/9/2003 2:18:53 PM: 550 /web/: No such file or directory<EOL>
Stat Disconnected.
Stat Connected.
Recv 7/9/2003 2:19:54 PM: 220 ProFTPD FTP Server ready.<EOL>
Sent 7/9/2003 2:19:54 PM: USER infusedorg@infused.org<EOL>
Recv 7/9/2003 2:19:54 PM: 331 Password required for infusedorg@infused.org.<EOL>
Sent 7/9/2003 2:19:54 PM: PASS nazgul9<EOL>
Recv 7/9/2003 2:19:54 PM: 230 User infusedorg@infused.org logged in.<EOL>
Sent 7/9/2003 2:19:54 PM: TYPE A<EOL>
Recv 7/9/2003 2:19:54 PM: 200 Type set to A<EOL>
Sent 7/9/2003 2:19:54 PM: SYST<EOL>
Recv 7/9/2003 2:19:54 PM: 215 UNIX Type: L8<EOL>
Sent 7/9/2003 2:19:54 PM: CWD /web/<EOL>
Recv 7/9/2003 2:19:54 PM: 550 /web/: No such file or directory<EOL>
Stat Disconnected.
Stat Connected.
Recv 7/9/2003 2:20:08 PM: 220 ProFTPD FTP Server ready.<EOL>
Sent 7/9/2003 2:20:08 PM: USER infusedorg@infused.org<EOL>
Recv 7/9/2003 2:20:08 PM: 331 Password required for infusedorg@infused.org.<EOL>
Sent 7/9/2003 2:20:08 PM: PASS nazgul9<EOL>
Recv 7/9/2003 2:20:09 PM: 230 User infusedorg@infused.org logged in.<EOL>
Sent 7/9/2003 2:20:09 PM: TYPE A<EOL>
Recv 7/9/2003 2:20:09 PM: 200 Type set to A<EOL>
Sent 7/9/2003 2:20:09 PM: SYST<EOL>
Recv 7/9/2003 2:20:09 PM: 215 UNIX Type: L8<EOL>
Sent 7/9/2003 2:20:09 PM: CWD mainwebsite_html/<EOL>
Recv 7/9/2003 2:20:09 PM: 250 CWD command successful.<EOL>
Sent 7/9/2003 2:20:09 PM: PORT 192,168,1,252,12,108<EOL>
Recv 7/9/2003 2:20:09 PM: 200 PORT command successful<EOL>
Sent 7/9/2003 2:20:09 PM: STOR ged2csv_variables.php<EOL>
Recv 7/9/2003 2:20:09 PM: 150 Opening ASCII mode data connection for ged2csv_variables.php<EOL>
Recv 7/9/2003 2:20:09 PM: 226 Transfer complete.<EOL>
Sent 7/9/2003 2:20:09 PM: PORT 192,168,1,252,12,110<EOL>
Recv 7/9/2003 2:20:09 PM: 200 PORT command successful<EOL>
Sent 7/9/2003 2:20:09 PM: STOR ged2csv_functions.php<EOL>
Recv 7/9/2003 2:20:09 PM: 150 Opening ASCII mode data connection for ged2csv_functions.php<EOL>
Recv 7/9/2003 2:20:11 PM: 226 Transfer complete.<EOL>
Stat Disconnected.
Stat Connected.
Recv 7/9/2003 2:20:33 PM: 220 ProFTPD FTP Server ready.<EOL>
Sent 7/9/2003 2:20:33 PM: USER infusedorg@infused.org<EOL>
Recv 7/9/2003 2:20:33 PM: 331 Password required for infusedorg@infused.org.<EOL>
Sent 7/9/2003 2:20:33 PM: PASS nazgul9<EOL>
Recv 7/9/2003 2:20:33 PM: 230 User infusedorg@infused.org logged in.<EOL>
Sent 7/9/2003 2:20:33 PM: TYPE A<EOL>
Recv 7/9/2003 2:20:33 PM: 200 Type set to A<EOL>
Sent 7/9/2003 2:20:33 PM: SYST<EOL>
Recv 7/9/2003 2:20:33 PM: 215 UNIX Type: L8<EOL>
Sent 7/9/2003 2:20:33 PM: CWD mainwebsite_html/<EOL>
Recv 7/9/2003 2:20:34 PM: 250 CWD command successful.<EOL>
Sent 7/9/2003 2:20:34 PM: PORT 192,168,1,252,12,136<EOL>
Recv 7/9/2003 2:20:34 PM: 200 PORT command successful<EOL>
Sent 7/9/2003 2:20:34 PM: STOR ged2csv_variables.php<EOL>
Recv 7/9/2003 2:20:34 PM: 150 Opening ASCII mode data connection for ged2csv_variables.php<EOL>
Recv 7/9/2003 2:20:34 PM: 226 Transfer complete.<EOL>
Sent 7/9/2003 2:20:34 PM: PORT 192,168,1,252,12,138<EOL>
Recv 7/9/2003 2:20:34 PM: 200 PORT command successful<EOL>
Sent 7/9/2003 2:20:34 PM: STOR ged2csv_functions.php<EOL>
Recv 7/9/2003 2:20:34 PM: 150 Opening ASCII mode data connection for ged2csv_functions.php<EOL>
Recv 7/9/2003 2:20:36 PM: 226 Transfer complete.<EOL>
Stat Disconnected.
Stat Connected.
Recv 7/9/2003 3:21:30 PM: 220 ProFTPD FTP Server ready.<EOL>
Sent 7/9/2003 3:21:30 PM: USER infusedorg@infused.org<EOL>
Recv 7/9/2003 3:21:30 PM: 331 Password required for infusedorg@infused.org.<EOL>
Sent 7/9/2003 3:21:30 PM: PASS nazgul9<EOL>
Recv 7/9/2003 3:21:30 PM: 230 User infusedorg@infused.org logged in.<EOL>
Sent 7/9/2003 3:21:30 PM: TYPE A<EOL>
Recv 7/9/2003 3:21:30 PM: 200 Type set to A<EOL>
Sent 7/9/2003 3:21:30 PM: SYST<EOL>
Recv 7/9/2003 3:21:30 PM: 215 UNIX Type: L8<EOL>
Sent 7/9/2003 3:21:30 PM: CWD mainwebsite_html/<EOL>
Recv 7/9/2003 3:21:30 PM: 250 CWD command successful.<EOL>
Sent 7/9/2003 3:21:30 PM: PORT 192,168,1,252,15,102<EOL>
Recv 7/9/2003 3:21:30 PM: 200 PORT command successful<EOL>
Sent 7/9/2003 3:21:30 PM: STOR ged2csv_variables.php<EOL>
Recv 7/9/2003 3:21:31 PM: 150 Opening ASCII mode data connection for ged2csv_variables.php<EOL>
Recv 7/9/2003 3:21:31 PM: 226 Transfer complete.<EOL>
Sent 7/9/2003 3:21:31 PM: PORT 192,168,1,252,15,104<EOL>
Recv 7/9/2003 3:21:31 PM: 200 PORT command successful<EOL>
Sent 7/9/2003 3:21:31 PM: STOR ged2csv_functions.php<EOL>
Recv 7/9/2003 3:21:31 PM: 150 Opening ASCII mode data connection for ged2csv_functions.php<EOL>
Recv 7/9/2003 3:21:32 PM: 226 Transfer complete.<EOL>
Stat Disconnected.
Stat Connected.
Recv 7/9/2003 3:45:24 PM: 220 ProFTPD FTP Server ready.<EOL>
Sent 7/9/2003 3:45:24 PM: USER infusedorg@infused.org<EOL>
Recv 7/9/2003 3:45:24 PM: 331 Password required for infusedorg@infused.org.<EOL>
Sent 7/9/2003 3:45:24 PM: PASS nazgul9<EOL>
Recv 7/9/2003 3:45:24 PM: 230 User infusedorg@infused.org logged in.<EOL>
Sent 7/9/2003 3:45:24 PM: TYPE A<EOL>
Recv 7/9/2003 3:45:24 PM: 200 Type set to A<EOL>
Sent 7/9/2003 3:45:24 PM: SYST<EOL>
Recv 7/9/2003 3:45:24 PM: 215 UNIX Type: L8<EOL>
Sent 7/9/2003 3:45:24 PM: CWD mainwebsite_html/<EOL>
Recv 7/9/2003 3:45:24 PM: 250 CWD command successful.<EOL>
Sent 7/9/2003 3:45:24 PM: PORT 192,168,1,252,15,252<EOL>
Recv 7/9/2003 3:45:24 PM: 200 PORT command successful<EOL>
Sent 7/9/2003 3:45:24 PM: STOR ged2csv_variables.php<EOL>
Recv 7/9/2003 3:45:27 PM: 150 Opening ASCII mode data connection for ged2csv_variables.php<EOL>
Recv 7/9/2003 3:45:27 PM: 226 Transfer complete.<EOL>
Sent 7/9/2003 3:45:27 PM: PORT 192,168,1,252,15,254<EOL>
Recv 7/9/2003 3:45:27 PM: 200 PORT command successful<EOL>
Sent 7/9/2003 3:45:27 PM: STOR ged2csv_functions.php<EOL>
Recv 7/9/2003 3:45:27 PM: 150 Opening ASCII mode data connection for ged2csv_functions.php<EOL>
Recv 7/9/2003 3:45:29 PM: 226 Transfer complete.<EOL>
Stat Disconnected.
Stat Connected.
Recv 7/9/2003 3:47:24 PM: 220 ProFTPD FTP Server ready.<EOL>
Sent 7/9/2003 3:47:24 PM: USER infusedorg@infused.org<EOL>
Recv 7/9/2003 3:47:24 PM: 331 Password required for infusedorg@infused.org.<EOL>
Sent 7/9/2003 3:47:24 PM: PASS nazgul9<EOL>
Recv 7/9/2003 3:47:24 PM: 230 User infusedorg@infused.org logged in.<EOL>
Sent 7/9/2003 3:47:24 PM: TYPE A<EOL>
Recv 7/9/2003 3:47:25 PM: 200 Type set to A<EOL>
Sent 7/9/2003 3:47:25 PM: SYST<EOL>
Recv 7/9/2003 3:47:25 PM: 215 UNIX Type: L8<EOL>
Sent 7/9/2003 3:47:25 PM: CWD mainwebsite_html/<EOL>
Recv 7/9/2003 3:47:25 PM: 250 CWD command successful.<EOL>
Sent 7/9/2003 3:47:25 PM: PORT 192,168,1,252,16,125<EOL>
Recv 7/9/2003 3:47:25 PM: 200 PORT command successful<EOL>
Sent 7/9/2003 3:47:25 PM: STOR ged2csv_variables.php<EOL>
Recv 7/9/2003 3:47:25 PM: 150 Opening ASCII mode data connection for ged2csv_variables.php<EOL>
Recv 7/9/2003 3:47:25 PM: 226 Transfer complete.<EOL>
Sent 7/9/2003 3:47:25 PM: PORT 192,168,1,252,16,127<EOL>
Recv 7/9/2003 3:47:25 PM: 200 PORT command successful<EOL>
Sent 7/9/2003 3:47:25 PM: STOR ged2csv_functions.php<EOL>
Recv 7/9/2003 3:47:25 PM: 150 Opening ASCII mode data connection for ged2csv_functions.php<EOL>
Recv 7/9/2003 3:47:27 PM: 226 Transfer complete.<EOL>
Stat Disconnected.
Stat Connected.
Recv 7/9/2003 3:50:03 PM: 220 ProFTPD FTP Server ready.<EOL>
Sent 7/9/2003 3:50:03 PM: USER infusedorg@infused.org<EOL>
Recv 7/9/2003 3:50:03 PM: 331 Password required for infusedorg@infused.org.<EOL>
Sent 7/9/2003 3:50:03 PM: PASS nazgul9<EOL>
Recv 7/9/2003 3:50:03 PM: 230 User infusedorg@infused.org logged in.<EOL>
Sent 7/9/2003 3:50:03 PM: TYPE A<EOL>
Recv 7/9/2003 3:50:03 PM: 200 Type set to A<EOL>
Sent 7/9/2003 3:50:03 PM: SYST<EOL>
Recv 7/9/2003 3:50:03 PM: 215 UNIX Type: L8<EOL>
Sent 7/9/2003 3:50:03 PM: CWD mainwebsite_html/<EOL>
Recv 7/9/2003 3:50:03 PM: 250 CWD command successful.<EOL>
Sent 7/9/2003 3:50:03 PM: PORT 192,168,1,252,16,248<EOL>
Recv 7/9/2003 3:50:04 PM: 200 PORT command successful<EOL>
Sent 7/9/2003 3:50:04 PM: STOR ged2csv_variables.php<EOL>
Recv 7/9/2003 3:50:04 PM: 150 Opening ASCII mode data connection for ged2csv_variables.php<EOL>
Recv 7/9/2003 3:50:04 PM: 226 Transfer complete.<EOL>
Sent 7/9/2003 3:50:04 PM: PORT 192,168,1,252,16,250<EOL>
Recv 7/9/2003 3:50:04 PM: 200 PORT command successful<EOL>
Sent 7/9/2003 3:50:04 PM: STOR ged2csv_functions.php<EOL>
Recv 7/9/2003 3:50:04 PM: 150 Opening ASCII mode data connection for ged2csv_functions.php<EOL>
Recv 7/9/2003 3:50:05 PM: 226 Transfer complete.<EOL>
Stat Disconnected.
Stat Connected.
Recv 7/9/2003 3:51:58 PM: 220 ProFTPD FTP Server ready.<EOL>
Sent 7/9/2003 3:51:58 PM: USER infusedorg@infused.org<EOL>
Recv 7/9/2003 3:51:58 PM: 331 Password required for infusedorg@infused.org.<EOL>
Sent 7/9/2003 3:51:58 PM: PASS nazgul9<EOL>
Recv 7/9/2003 3:51:58 PM: 230 User infusedorg@infused.org logged in.<EOL>
Sent 7/9/2003 3:51:58 PM: TYPE A<EOL>
Recv 7/9/2003 3:51:59 PM: 200 Type set to A<EOL>
Sent 7/9/2003 3:51:59 PM: SYST<EOL>
Recv 7/9/2003 3:51:59 PM: 215 UNIX Type: L8<EOL>
Sent 7/9/2003 3:51:59 PM: CWD mainwebsite_html/<EOL>
Recv 7/9/2003 3:51:59 PM: 250 CWD command successful.<EOL>
Sent 7/9/2003 3:51:59 PM: PORT 192,168,1,252,17,120<EOL>
Recv 7/9/2003 3:51:59 PM: 200 PORT command successful<EOL>
Sent 7/9/2003 3:51:59 PM: STOR ged2csv_variables.php<EOL>
Recv 7/9/2003 3:51:59 PM: 150 Opening ASCII mode data connection for ged2csv_variables.php<EOL>
Recv 7/9/2003 3:51:59 PM: 226 Transfer complete.<EOL>
Sent 7/9/2003 3:51:59 PM: PORT 192,168,1,252,17,122<EOL>
Recv 7/9/2003 3:51:59 PM: 200 PORT command successful<EOL>
Sent 7/9/2003 3:51:59 PM: STOR ged2csv_functions.php<EOL>
Recv 7/9/2003 3:51:59 PM: 150 Opening ASCII mode data connection for ged2csv_functions.php<EOL>
Recv 7/9/2003 3:52:01 PM: 226 Transfer complete.<EOL>
Stat Disconnected.
Stat Connected.
Recv 7/9/2003 3:53:47 PM: 220 ProFTPD FTP Server ready.<EOL>
Sent 7/9/2003 3:53:47 PM: USER infusedorg@infused.org<EOL>
Recv 7/9/2003 3:53:47 PM: 331 Password required for infusedorg@infused.org.<EOL>
Sent 7/9/2003 3:53:47 PM: PASS nazgul9<EOL>
Recv 7/9/2003 3:53:47 PM: 230 User infusedorg@infused.org logged in.<EOL>
Sent 7/9/2003 3:53:47 PM: TYPE A<EOL>
Recv 7/9/2003 3:53:47 PM: 200 Type set to A<EOL>
Sent 7/9/2003 3:53:47 PM: SYST<EOL>
Recv 7/9/2003 3:53:47 PM: 215 UNIX Type: L8<EOL>
Sent 7/9/2003 3:53:47 PM: CWD mainwebsite_html/<EOL>
Recv 7/9/2003 3:53:47 PM: 250 CWD command successful.<EOL>
Sent 7/9/2003 3:53:47 PM: PORT 192,168,1,252,17,250<EOL>
Recv 7/9/2003 3:53:48 PM: 200 PORT command successful<EOL>
Sent 7/9/2003 3:53:48 PM: STOR ged2csv_variables.php<EOL>
Recv 7/9/2003 3:53:48 PM: 150 Opening ASCII mode data connection for ged2csv_variables.php<EOL>
Recv 7/9/2003 3:53:50 PM: 226 Transfer complete.<EOL>
Sent 7/9/2003 3:53:50 PM: PORT 192,168,1,252,17,252<EOL>
Recv 7/9/2003 3:53:51 PM: 200 PORT command successful<EOL>
Sent 7/9/2003 3:53:51 PM: STOR ged2csv_functions.php<EOL>
Recv 7/9/2003 3:53:51 PM: 150 Opening ASCII mode data connection for ged2csv_functions.php<EOL>
Recv 7/9/2003 3:53:52 PM: 226 Transfer complete.<EOL>
Stat Disconnected.
Stat Connected.
Recv 7/9/2003 3:54:11 PM: 220 ProFTPD FTP Server ready.<EOL>
Sent 7/9/2003 3:54:11 PM: USER infusedorg@infused.org<EOL>
Recv 7/9/2003 3:54:11 PM: 331 Password required for infusedorg@infused.org.<EOL>
Sent 7/9/2003 3:54:11 PM: PASS nazgul9<EOL>
Recv 7/9/2003 3:54:11 PM: 230 User infusedorg@infused.org logged in.<EOL>
Sent 7/9/2003 3:54:11 PM: TYPE A<EOL>
Recv 7/9/2003 3:54:11 PM: 200 Type set to A<EOL>
Sent 7/9/2003 3:54:11 PM: SYST<EOL>
Recv 7/9/2003 3:54:11 PM: 215 UNIX Type: L8<EOL>
Sent 7/9/2003 3:54:11 PM: CWD mainwebsite_html/<EOL>
Recv 7/9/2003 3:54:11 PM: 250 CWD command successful.<EOL>
Sent 7/9/2003 3:54:11 PM: DELE ged2csv_variables.php<EOL>
Recv 7/9/2003 3:54:11 PM: 250 DELE command successful.<EOL>
Sent 7/9/2003 3:54:11 PM: DELE ged2csv_functions.php<EOL>
Recv 7/9/2003 3:54:11 PM: 250 DELE command successful.<EOL>
Stat Disconnected.
Stat Connected.
Recv 7/9/2003 3:54:54 PM: 220 ProFTPD FTP Server ready.<EOL>
Sent 7/9/2003 3:54:54 PM: USER infusedorg@infused.org<EOL>
Recv 7/9/2003 3:54:54 PM: 331 Password required for infusedorg@infused.org.<EOL>
Sent 7/9/2003 3:54:54 PM: PASS nazgul9<EOL>
Recv 7/9/2003 3:54:54 PM: 230 User infusedorg@infused.org logged in.<EOL>
Sent 7/9/2003 3:54:54 PM: TYPE A<EOL>
Recv 7/9/2003 3:54:54 PM: 200 Type set to A<EOL>
Sent 7/9/2003 3:54:54 PM: SYST<EOL>
Recv 7/9/2003 3:54:54 PM: 215 UNIX Type: L8<EOL>
Sent 7/9/2003 3:54:54 PM: CWD mainwebsite_html/<EOL>
Recv 7/9/2003 3:54:54 PM: 250 CWD command successful.<EOL>
Sent 7/9/2003 3:54:54 PM: PORT 192,168,1,252,18,130<EOL>
Recv 7/9/2003 3:54:55 PM: 200 PORT command successful<EOL>
Sent 7/9/2003 3:54:55 PM: STOR ged2csv_variables.php<EOL>
Recv 7/9/2003 3:54:55 PM: 150 Opening ASCII mode data connection for ged2csv_variables.php<EOL>
Recv 7/9/2003 3:54:55 PM: 226 Transfer complete.<EOL>
Sent 7/9/2003 3:54:55 PM: PORT 192,168,1,252,18,132<EOL>
Recv 7/9/2003 3:54:55 PM: 200 PORT command successful<EOL>
Sent 7/9/2003 3:54:55 PM: STOR ged2csv_functions.php<EOL>
Recv 7/9/2003 3:54:55 PM: 150 Opening ASCII mode data connection for ged2csv_functions.php<EOL>
Recv 7/9/2003 3:54:56 PM: 226 Transfer complete.<EOL>
Stat Disconnected.
Stat Connected.
Recv 7/9/2003 3:55:14 PM: 220 ProFTPD FTP Server ready.<EOL>
Sent 7/9/2003 3:55:14 PM: USER infusedorg@infused.org<EOL>
Recv 7/9/2003 3:55:14 PM: 331 Password required for infusedorg@infused.org.<EOL>
Sent 7/9/2003 3:55:14 PM: PASS nazgul9<EOL>
Recv 7/9/2003 3:55:14 PM: 230 User infusedorg@infused.org logged in.<EOL>
Sent 7/9/2003 3:55:14 PM: TYPE A<EOL>
Recv 7/9/2003 3:55:15 PM: 200 Type set to A<EOL>
Sent 7/9/2003 3:55:15 PM: SYST<EOL>
Recv 7/9/2003 3:55:15 PM: 215 UNIX Type: L8<EOL>
Sent 7/9/2003 3:55:15 PM: CWD mainwebsite_html/<EOL>
Recv 7/9/2003 3:55:15 PM: 250 CWD command successful.<EOL>
Sent 7/9/2003 3:55:15 PM: DELE ged2csv_variables.php<EOL>
Recv 7/9/2003 3:55:15 PM: 250 DELE command successful.<EOL>
Sent 7/9/2003 3:55:15 PM: DELE ged2csv_functions.php<EOL>
Recv 7/9/2003 3:55:15 PM: 250 DELE command successful.<EOL>
Stat Disconnected.
Stat Connected.
Recv 7/9/2003 4:00:03 PM: 220 ProFTPD FTP Server ready.<EOL>
Sent 7/9/2003 4:00:03 PM: USER infusedorg@infused.org<EOL>
Recv 7/9/2003 4:00:03 PM: 331 Password required for infusedorg@infused.org.<EOL>
Sent 7/9/2003 4:00:03 PM: PASS nazgul9<EOL>
Recv 7/9/2003 4:00:04 PM: 230 User infusedorg@infused.org logged in.<EOL>
Sent 7/9/2003 4:00:04 PM: TYPE A<EOL>
Recv 7/9/2003 4:00:04 PM: 200 Type set to A<EOL>
Sent 7/9/2003 4:00:04 PM: SYST<EOL>
Recv 7/9/2003 4:00:04 PM: 215 UNIX Type: L8<EOL>
Sent 7/9/2003 4:00:04 PM: CWD mainwebsite_html/<EOL>
Recv 7/9/2003 4:00:04 PM: 250 CWD command successful.<EOL>
Sent 7/9/2003 4:00:04 PM: PORT 192,168,1,252,19,33<EOL>
Recv 7/9/2003 4:00:04 PM: 200 PORT command successful<EOL>
Sent 7/9/2003 4:00:04 PM: STOR ged2csv_variables.php<EOL>
Recv 7/9/2003 4:00:04 PM: 150 Opening ASCII mode data connection for ged2csv_variables.php<EOL>
Recv 7/9/2003 4:00:04 PM: 226 Transfer complete.<EOL>
Sent 7/9/2003 4:00:04 PM: PORT 192,168,1,252,19,35<EOL>
Recv 7/9/2003 4:00:04 PM: 200 PORT command successful<EOL>
Sent 7/9/2003 4:00:04 PM: STOR ged2csv_functions.php<EOL>
Recv 7/9/2003 4:00:04 PM: 150 Opening ASCII mode data connection for ged2csv_functions.php<EOL>
Recv 7/9/2003 4:00:06 PM: 226 Transfer complete.<EOL>
Stat Disconnected.
Stat Connected.
Recv 7/9/2003 4:00:27 PM: 220 ProFTPD FTP Server ready.<EOL>
Sent 7/9/2003 4:00:27 PM: USER infusedorg@infused.org<EOL>
Recv 7/9/2003 4:00:27 PM: 331 Password required for infusedorg@infused.org.<EOL>
Sent 7/9/2003 4:00:27 PM: PASS nazgul9<EOL>
Recv 7/9/2003 4:00:27 PM: 230 User infusedorg@infused.org logged in.<EOL>
Sent 7/9/2003 4:00:27 PM: TYPE A<EOL>
Recv 7/9/2003 4:00:27 PM: 200 Type set to A<EOL>
Sent 7/9/2003 4:00:27 PM: SYST<EOL>
Recv 7/9/2003 4:00:27 PM: 215 UNIX Type: L8<EOL>
Sent 7/9/2003 4:00:27 PM: CWD mainwebsite_html/<EOL>
Recv 7/9/2003 4:00:27 PM: 250 CWD command successful.<EOL>
Sent 7/9/2003 4:00:27 PM: DELE ged2csv_variables.php<EOL>
Recv 7/9/2003 4:00:27 PM: 250 DELE command successful.<EOL>
Sent 7/9/2003 4:00:27 PM: DELE ged2csv_functions.php<EOL>
Recv 7/9/2003 4:00:27 PM: 250 DELE command successful.<EOL>
Stat Disconnected.
Stat Connected.
Recv 7/10/2003 11:42:08 AM: 220 ProFTPD FTP Server ready.<EOL>
Sent 7/10/2003 11:42:08 AM: USER infusedorg@infused.org<EOL>
Recv 7/10/2003 11:42:08 AM: 331 Password required for infusedorg@infused.org.<EOL>
Sent 7/10/2003 11:42:08 AM: PASS nazgul9<EOL>
Recv 7/10/2003 11:42:08 AM: 230 User infusedorg@infused.org logged in.<EOL>
Sent 7/10/2003 11:42:08 AM: TYPE A<EOL>
Recv 7/10/2003 11:42:08 AM: 200 Type set to A<EOL>
Sent 7/10/2003 11:42:08 AM: SYST<EOL>
Recv 7/10/2003 11:42:09 AM: 215 UNIX Type: L8<EOL>
Sent 7/10/2003 11:42:09 AM: CWD mainwebsite_html/<EOL>
Recv 7/10/2003 11:42:09 AM: 250 CWD command successful.<EOL>
Sent 7/10/2003 11:42:09 AM: PORT 192,168,1,252,16,23<EOL>
Recv 7/10/2003 11:42:09 AM: 200 PORT command successful<EOL>
Sent 7/10/2003 11:42:09 AM: STOR ged2csv_variables.php<EOL>
Recv 7/10/2003 11:42:09 AM: 150 Opening ASCII mode data connection for ged2csv_variables.php<EOL>
Recv 7/10/2003 11:42:09 AM: 226 Transfer complete.<EOL>
Sent 7/10/2003 11:42:09 AM: PORT 192,168,1,252,16,25<EOL>
Recv 7/10/2003 11:42:09 AM: 200 PORT command successful<EOL>
Sent 7/10/2003 11:42:09 AM: STOR ged2csv_functions.php<EOL>
Recv 7/10/2003 11:42:09 AM: 150 Opening ASCII mode data connection for ged2csv_functions.php<EOL>
Recv 7/10/2003 11:42:11 AM: 226 Transfer complete.<EOL>
Stat Disconnected.
Stat Connected.
Recv 7/10/2003 11:42:32 AM: 220 ProFTPD FTP Server ready.<EOL>
Sent 7/10/2003 11:42:32 AM: USER infusedorg@infused.org<EOL>
Recv 7/10/2003 11:42:32 AM: 331 Password required for infusedorg@infused.org.<EOL>
Sent 7/10/2003 11:42:32 AM: PASS nazgul9<EOL>
Recv 7/10/2003 11:42:32 AM: 230 User infusedorg@infused.org logged in.<EOL>
Sent 7/10/2003 11:42:32 AM: TYPE A<EOL>
Recv 7/10/2003 11:42:32 AM: 200 Type set to A<EOL>
Sent 7/10/2003 11:42:32 AM: SYST<EOL>
Recv 7/10/2003 11:42:32 AM: 215 UNIX Type: L8<EOL>
Sent 7/10/2003 11:42:32 AM: CWD mainwebsite_html/<EOL>
Recv 7/10/2003 11:42:32 AM: 250 CWD command successful.<EOL>
Sent 7/10/2003 11:42:32 AM: DELE ged2csv_variables.php<EOL>
Recv 7/10/2003 11:42:32 AM: 250 DELE command successful.<EOL>
Sent 7/10/2003 11:42:32 AM: DELE ged2csv_functions.php<EOL>
Recv 7/10/2003 11:42:32 AM: 250 DELE command successful.<EOL>
Stat Disconnected.
Stat Connected.
Recv 5/28/2004 10:27:40 AM: 220-FTP server ready.<EOL>220 This is a private system - No anonymous login<EOL>
Sent 5/28/2004 10:27:40 AM: USER username<EOL>
Recv 5/28/2004 10:27:40 AM: 331 User username OK. Password required<EOL>
Sent 5/28/2004 10:27:40 AM: PASS <EOL>
Recv 5/28/2004 10:27:40 AM: 530 Authentication failed, sorry<EOL>
Stat Disconnected.
